-------------------------------------------------------------------------------
Test set: com.Ropvatika.RopvatikaFrontEndApplicationTests
-------------------------------------------------------------------------------
Tests run: 1, Failures: 0, Errors: 1, Skipped: 0, Time elapsed: 0.937 s <<< FAILURE! - in com.Ropvatika.RopvatikaFrontEndApplicationTests
com.Ropvatika.RopvatikaFrontEndApplicationTests  Time elapsed: 0.932 s  <<< ERROR!
java.lang.IllegalStateException: Unable to find a @SpringBootConfiguration, you need to use @ContextConfiguration or @SpringBootTest(classes=...) with your test

